<?xml version="1.0" encoding="UTF-8"?>
<!-- Generated by org.testng.reporters.JUnitXMLReporter -->
<testsuite hostname="cloudchen-x240s" name="Test1" tests="9" failures="0" timestamp="6 Mar 2015 08:51:43 GMT" time="0.183" errors="0">
  <testcase name="test1" time="0.056" classname="info.cloudits.webdriver.day6"/>
  <testcase name="test1" time="0.001" classname="info.cloudits.webdriver.day6"/>
  <testcase name="test2" time="0.001" classname="info.cloudits.webdriver.day6"/>
  <testcase name="test2" time="0.001" classname="info.cloudits.webdriver.day6"/>
  <testcase name="test2" time="0.002" classname="info.cloudits.webdriver.day6"/>
  <testcase name="test1" time="0.002" classname="info.cloudits.webdriver.testng"/>
  <testcase name="test1" time="0.002" classname="info.cloudits.webdriver.testng"/>
  <testcase name="test2" time="0.011" classname="info.cloudits.webdriver.testng"/>
  <testcase name="test2" time="0.002" classname="info.cloudits.webdriver.testng"/>
</testsuite> <!-- Test1 -->
